[debug] [2025-10-13T21:07:12.064Z] ----------------------------------------------------------------------
[debug] [2025-10-13T21:07:12.072Z] Command:       C:\Program Files\nodejs\node.exe C:\Users\carmen\AppData\Roaming\npm\node_modules\firebase-tools\lib\bin\firebase.js init
[debug] [2025-10-13T21:07:12.073Z] CLI Version:   14.19.1
[debug] [2025-10-13T21:07:12.073Z] Platform:      win32
[debug] [2025-10-13T21:07:12.074Z] Node Version:  v22.20.0
[debug] [2025-10-13T21:07:12.075Z] Time:          Mon Oct 13 2025 15:07:12 GMT-0600 (hora estándar central)
[debug] [2025-10-13T21:07:12.075Z] ----------------------------------------------------------------------
[debug] 
[info] 
     ######## #### ########  ######## ########     ###     ######  ########
     ##        ##  ##     ## ##       ##     ##  ##   ##  ##       ##
     ######    ##  ########  ######   ########  #########  ######  ######
     ##        ##  ##    ##  ##       ##     ## ##     ##       ## ##
     ##       #### ##     ## ######## ########  ##     ##  ######  ########

You're about to initialize a Firebase project in this directory:

  C:\xampp\htdocs\react-proyecto

Before we get started, keep in mind:

  * You are currently outside your home directory

[info] 
=== Project Setup
[info] 
[info] First, let's associate this project directory with a Firebase project.
[info] You can create multiple project aliases by running firebase use --add, 
[info] 
[debug] [2025-10-13T21:24:35.688Z] > command requires scopes: ["email","openid","https://www.googleapis.com/auth/cloudplatformprojects.readonly","https://www.googleapis.com/auth/firebase","https://www.googleapis.com/auth/cloud-platform"]
[debug] [2025-10-13T21:24:35.689Z] > authorizing via signed-in user (respaldovasquez472@gmail.com)
[debug] [2025-10-13T21:24:35.691Z] Checked if tokens are valid: true, expires at: 1760391928404
[debug] [2025-10-13T21:24:35.692Z] Checked if tokens are valid: true, expires at: 1760391928404
[debug] [2025-10-13T21:24:35.695Z] >>> [apiv2][query] GET https://firebase.googleapis.com/v1beta1/projects pageSize=100
[debug] [2025-10-13T21:24:36.263Z] <<< [apiv2][status] GET https://firebase.googleapis.com/v1beta1/projects 200
[debug] [2025-10-13T21:24:36.263Z] <<< [apiv2][body] GET https://firebase.googleapis.com/v1beta1/projects [omitted]
[info] 
=== Dataconnect Setup
[debug] [2025-10-13T21:24:36.471Z] Checked if tokens are valid: true, expires at: 1760391928404
[debug] [2025-10-13T21:24:36.471Z] Checked if tokens are valid: true, expires at: 1760391928404
[debug] [2025-10-13T21:24:36.471Z] >>> [apiv2][query] GET https://cloudbilling.googleapis.com/v1/projects/react-proyecto-4a9ae/billingInfo [none]
[debug] [2025-10-13T21:24:36.859Z] <<< [apiv2][status] GET https://cloudbilling.googleapis.com/v1/projects/react-proyecto-4a9ae/billingInfo 200
[debug] [2025-10-13T21:24:36.859Z] <<< [apiv2][body] GET https://cloudbilling.googleapis.com/v1/projects/react-proyecto-4a9ae/billingInfo {"name":"projects/react-proyecto-4a9ae/billingInfo","projectId":"react-proyecto-4a9ae","billingAccountName":"","billingEnabled":false}
[info] i  dataconnect: ensuring required API firebasedataconnect.googleapis.com is enabled... 
[debug] [2025-10-13T21:24:36.860Z] Checked if tokens are valid: true, expires at: 1760391928404
[debug] [2025-10-13T21:24:36.861Z] Checked if tokens are valid: true, expires at: 1760391928404
[info] i  dataconnect: ensuring required API sqladmin.googleapis.com is enabled... 
[debug] [2025-10-13T21:24:36.861Z] Checked if tokens are valid: true, expires at: 1760391928404
[debug] [2025-10-13T21:24:36.861Z] Checked if tokens are valid: true, expires at: 1760391928404
[debug] [2025-10-13T21:24:36.861Z] >>> [apiv2][query] GET https://serviceusage.googleapis.com/v1/projects/react-proyecto-4a9ae/services/firebasedataconnect.googleapis.com [none]
[debug] [2025-10-13T21:24:36.861Z] >>> [apiv2][(partial)header] GET https://serviceusage.googleapis.com/v1/projects/react-proyecto-4a9ae/services/firebasedataconnect.googleapis.com x-goog-quota-user=projects/react-proyecto-4a9ae
[debug] [2025-10-13T21:24:36.862Z] >>> [apiv2][query] GET https://serviceusage.googleapis.com/v1/projects/react-proyecto-4a9ae/services/sqladmin.googleapis.com [none]
[debug] [2025-10-13T21:24:36.862Z] >>> [apiv2][(partial)header] GET https://serviceusage.googleapis.com/v1/projects/react-proyecto-4a9ae/services/sqladmin.googleapis.com x-goog-quota-user=projects/react-proyecto-4a9ae
[debug] [2025-10-13T21:24:37.301Z] <<< [apiv2][status] GET https://serviceusage.googleapis.com/v1/projects/react-proyecto-4a9ae/services/sqladmin.googleapis.com 200
[debug] [2025-10-13T21:24:37.301Z] <<< [apiv2][body] GET https://serviceusage.googleapis.com/v1/projects/react-proyecto-4a9ae/services/sqladmin.googleapis.com [omitted]
[warn] !  dataconnect: missing required API sqladmin.googleapis.com. Enabling now... 
[debug] [2025-10-13T21:24:37.302Z] Checked if tokens are valid: true, expires at: 1760391928404
[debug] [2025-10-13T21:24:37.302Z] Checked if tokens are valid: true, expires at: 1760391928404
[debug] [2025-10-13T21:24:37.302Z] >>> [apiv2][query] POST https://serviceusage.googleapis.com/v1/projects/react-proyecto-4a9ae/services/sqladmin.googleapis.com:enable [none]
[debug] [2025-10-13T21:24:37.302Z] >>> [apiv2][(partial)header] POST https://serviceusage.googleapis.com/v1/projects/react-proyecto-4a9ae/services/sqladmin.googleapis.com:enable x-goog-quota-user=projects/react-proyecto-4a9ae
[debug] [2025-10-13T21:24:37.308Z] <<< [apiv2][status] GET https://serviceusage.googleapis.com/v1/projects/react-proyecto-4a9ae/services/firebasedataconnect.googleapis.com 200
[debug] [2025-10-13T21:24:37.308Z] <<< [apiv2][body] GET https://serviceusage.googleapis.com/v1/projects/react-proyecto-4a9ae/services/firebasedataconnect.googleapis.com [omitted]
[warn] !  dataconnect: missing required API firebasedataconnect.googleapis.com. Enabling now... 
[debug] [2025-10-13T21:24:37.310Z] Checked if tokens are valid: true, expires at: 1760391928404
[debug] [2025-10-13T21:24:37.310Z] Checked if tokens are valid: true, expires at: 1760391928404
[debug] [2025-10-13T21:24:37.310Z] >>> [apiv2][query] POST https://serviceusage.googleapis.com/v1/projects/react-proyecto-4a9ae/services/firebasedataconnect.googleapis.com:enable [none]
[debug] [2025-10-13T21:24:37.310Z] >>> [apiv2][(partial)header] POST https://serviceusage.googleapis.com/v1/projects/react-proyecto-4a9ae/services/firebasedataconnect.googleapis.com:enable x-goog-quota-user=projects/react-proyecto-4a9ae
[debug] [2025-10-13T21:24:38.009Z] <<< [apiv2][status] POST https://serviceusage.googleapis.com/v1/projects/react-proyecto-4a9ae/services/firebasedataconnect.googleapis.com:enable 200
[debug] [2025-10-13T21:24:38.010Z] <<< [apiv2][body] POST https://serviceusage.googleapis.com/v1/projects/react-proyecto-4a9ae/services/firebasedataconnect.googleapis.com:enable [omitted]
[debug] [2025-10-13T21:24:38.295Z] <<< [apiv2][status] POST https://serviceusage.googleapis.com/v1/projects/react-proyecto-4a9ae/services/sqladmin.googleapis.com:enable 200
[debug] [2025-10-13T21:24:38.296Z] <<< [apiv2][body] POST https://serviceusage.googleapis.com/v1/projects/react-proyecto-4a9ae/services/sqladmin.googleapis.com:enable [omitted]
[debug] [2025-10-13T21:24:48.321Z] Checked if tokens are valid: true, expires at: 1760391928404
[debug] [2025-10-13T21:24:48.321Z] Checked if tokens are valid: true, expires at: 1760391928404
[debug] [2025-10-13T21:24:48.321Z] >>> [apiv2][query] GET https://firebasedataconnect.googleapis.com/v1/projects/react-proyecto-4a9ae/locations/-/services [none]
[debug] [2025-10-13T21:24:49.432Z] <<< [apiv2][status] GET https://firebasedataconnect.googleapis.com/v1/projects/react-proyecto-4a9ae/locations/-/services 200
[debug] [2025-10-13T21:24:49.432Z] <<< [apiv2][body] GET https://firebasedataconnect.googleapis.com/v1/projects/react-proyecto-4a9ae/locations/-/services {}
